<?xml version="1.0" encoding="UTF-8"?>
<!-- Generated by org.testng.reporters.JUnitReportReporter -->
<testsuite hostname="FBTCDEV3" failures="0" tests="12" name="functional_Test_Cases.AWC005_Submit_To_Workflow" time="359.416" errors="4" timestamp="2023-11-09T06:57:25 UTC" skipped="0">
  <testcase classname="functional_Test_Cases.AWC005_Submit_To_Workflow" name="PO_Release" time="29.118"/>
  <system-out/>
  <testcase classname="functional_Test_Cases.AWC005_Submit_To_Workflow" name="P1_Release" time="29.624"/>
  <system-out/>
  <testcase classname="functional_Test_Cases.AWC005_Submit_To_Workflow" name="P2_Release" time="30.388"/>
  <system-out/>
  <testcase classname="functional_Test_Cases.AWC005_Submit_To_Workflow" name="P3_Release" time="29.522">
    <error message="Error {
  message=&#039;value: expected string, got undefined
  name=&#039;Error
  stack=&#039;Error: value: expected string, got undefined
    at tString (C:\Users\fbtcuser\AppData\Local\Temp\playwright-java-16258477294945422662\package\lib\protocol\validatorPrimitives.js:59:9)
    at C:\Users\fbtcuser\AppData\Local\Temp\playwright-java-16258477294945422662\package\lib\protocol\validatorPrimitives.js:108:21
    at DispatcherConnection.dispatch (C:\Users\fbtcuser\AppData\Local\Temp\playwright-java-16258477294945422662\package\lib\server\dispatchers\dispatcher.js:234:21)
    at transport.onmessage (C:\Users\fbtcuser\AppData\Local\Temp\playwright-java-16258477294945422662\package\lib\cli\driver.js:52:57)
    at Immediate._onImmediate (C:\Users\fbtcuser\AppData\Local\Temp\playwright-java-16258477294945422662\package\lib\protocol\transport.js:77:34)
    at process.processImmediate (node:internal/timers:476:21)
}" type="com.microsoft.playwright.PlaywrightException">
      <![CDATA[com.microsoft.playwright.PlaywrightException: Error {
  message='value: expected string, got undefined
  name='Error
  stack='Error: value: expected string, got undefined
    at tString (C:\Users\fbtcuser\AppData\Local\Temp\playwright-java-16258477294945422662\package\lib\protocol\validatorPrimitives.js:59:9)
    at C:\Users\fbtcuser\AppData\Local\Temp\playwright-java-16258477294945422662\package\lib\protocol\validatorPrimitives.js:108:21
    at DispatcherConnection.dispatch (C:\Users\fbtcuser\AppData\Local\Temp\playwright-java-16258477294945422662\package\lib\server\dispatchers\dispatcher.js:234:21)
    at transport.onmessage (C:\Users\fbtcuser\AppData\Local\Temp\playwright-java-16258477294945422662\package\lib\cli\driver.js:52:57)
    at Immediate._onImmediate (C:\Users\fbtcuser\AppData\Local\Temp\playwright-java-16258477294945422662\package\lib\protocol\transport.js:77:34)
    at process.processImmediate (node:internal/timers:476:21)
}
at com.microsoft.playwright.impl.WaitableResult.get(WaitableResult.java:54)
at com.microsoft.playwright.impl.ChannelOwner.runUntil(ChannelOwner.java:111)
at com.microsoft.playwright.impl.Connection.sendMessage(Connection.java:126)
at com.microsoft.playwright.impl.ChannelOwner.sendMessage(ChannelOwner.java:102)
at com.microsoft.playwright.impl.FrameImpl.fillImpl(FrameImpl.java:335)
at com.microsoft.playwright.impl.PageImpl.lambda$fill$27(PageImpl.java:665)
at com.microsoft.playwright.impl.LoggingSupport.lambda$withLogging$0(LoggingSupport.java:36)
at com.microsoft.playwright.impl.LoggingSupport.withLogging(LoggingSupport.java:47)
at com.microsoft.playwright.impl.ChannelOwner.withLogging(ChannelOwner.java:87)
at com.microsoft.playwright.impl.LoggingSupport.withLogging(LoggingSupport.java:35)
at com.microsoft.playwright.impl.PageImpl.fill(PageImpl.java:664)
at com.microsoft.playwright.Page.fill(Page.java:4545)
at pages.Submit_To_Workflow_Popup.submit_To_Workflow(Submit_To_Workflow_Popup.java:31)
at functional_Test_Cases.AWC005_Submit_To_Workflow.P3_Release(AWC005_Submit_To_Workflow.java:165)
at java.base/jdk.internal.reflect.NativeMethodAccessorImpl.invoke0(Native Method)
at java.base/jdk.internal.reflect.NativeMethodAccessorImpl.invoke(NativeMethodAccessorImpl.java:77)
at java.base/jdk.internal.reflect.DelegatingMethodAccessorImpl.invoke(DelegatingMethodAccessorImpl.java:43)
at java.base/java.lang.reflect.Method.invoke(Method.java:568)
at org.testng.internal.MethodInvocationHelper.invokeMethod(MethodInvocationHelper.java:133)
at org.testng.internal.TestInvoker.invokeMethod(TestInvoker.java:598)
at org.testng.internal.TestInvoker.invokeTestMethod(TestInvoker.java:173)
at org.testng.internal.MethodRunner.runInSequence(MethodRunner.java:46)
at org.testng.internal.TestInvoker$MethodInvocationAgent.invoke(TestInvoker.java:824)
at org.testng.internal.TestInvoker.invokeTestMethods(TestInvoker.java:146)
at org.testng.internal.TestMethodWorker.invokeTestMethods(TestMethodWorker.java:146)
at org.testng.internal.TestMethodWorker.run(TestMethodWorker.java:128)
at java.base/java.util.ArrayList.forEach(ArrayList.java:1511)
at org.testng.TestRunner.privateRun(TestRunner.java:794)
at org.testng.TestRunner.run(TestRunner.java:596)
at org.testng.SuiteRunner.runTest(SuiteRunner.java:377)
at org.testng.SuiteRunner.runSequentially(SuiteRunner.java:371)
at org.testng.SuiteRunner.privateRun(SuiteRunner.java:332)
at org.testng.SuiteRunner.run(SuiteRunner.java:276)
at org.testng.SuiteRunnerWorker.runSuite(SuiteRunnerWorker.java:53)
at org.testng.SuiteRunnerWorker.run(SuiteRunnerWorker.java:96)
at org.testng.TestNG.runSuitesSequentially(TestNG.java:1212)
at org.testng.TestNG.runSuitesLocally(TestNG.java:1134)
at org.testng.TestNG.runSuites(TestNG.java:1063)
at org.testng.TestNG.run(TestNG.java:1031)
at org.testng.remote.AbstractRemoteTestNG.run(AbstractRemoteTestNG.java:115)
at org.testng.remote.RemoteTestNG.initAndRun(RemoteTestNG.java:251)
at org.testng.remote.RemoteTestNG.main(RemoteTestNG.java:77)
Caused by: com.microsoft.playwright.impl.DriverException: Error {
  message='value: expected string, got undefined
  name='Error
  stack='Error: value: expected string, got undefined
    at tString (C:\Users\fbtcuser\AppData\Local\Temp\playwright-java-16258477294945422662\package\lib\protocol\validatorPrimitives.js:59:9)
    at C:\Users\fbtcuser\AppData\Local\Temp\playwright-java-16258477294945422662\package\lib\protocol\validatorPrimitives.js:108:21
    at DispatcherConnection.dispatch (C:\Users\fbtcuser\AppData\Local\Temp\playwright-java-16258477294945422662\package\lib\server\dispatchers\dispatcher.js:234:21)
    at transport.onmessage (C:\Users\fbtcuser\AppData\Local\Temp\playwright-java-16258477294945422662\package\lib\cli\driver.js:52:57)
    at Immediate._onImmediate (C:\Users\fbtcuser\AppData\Local\Temp\playwright-java-16258477294945422662\package\lib\protocol\transport.js:77:34)
    at process.processImmediate (node:internal/timers:476:21)
}
at com.microsoft.playwright.impl.Connection.dispatch(Connection.java:226)
at com.microsoft.playwright.impl.Connection.processOneMessage(Connection.java:206)
at com.microsoft.playwright.impl.ChannelOwner.runUntil(ChannelOwner.java:109)
... 40 more
]]>
    </error>
  </testcase> <!-- P3_Release -->
  <system-out/>
  <testcase classname="functional_Test_Cases.AWC005_Submit_To_Workflow" name="EVT1_Release" time="29.264"/>
  <system-out/>
  <testcase classname="functional_Test_Cases.AWC005_Submit_To_Workflow" name="EVT2_Release" time="29.375"/>
  <system-out/>
  <testcase classname="functional_Test_Cases.AWC005_Submit_To_Workflow" name="EVT3_Release" time="31.576">
    <error message="Error {
  message=&#039;value: expected string, got undefined
  name=&#039;Error
  stack=&#039;Error: value: expected string, got undefined
    at tString (C:\Users\fbtcuser\AppData\Local\Temp\playwright-java-16258477294945422662\package\lib\protocol\validatorPrimitives.js:59:9)
    at C:\Users\fbtcuser\AppData\Local\Temp\playwright-java-16258477294945422662\package\lib\protocol\validatorPrimitives.js:108:21
    at DispatcherConnection.dispatch (C:\Users\fbtcuser\AppData\Local\Temp\playwright-java-16258477294945422662\package\lib\server\dispatchers\dispatcher.js:234:21)
    at transport.onmessage (C:\Users\fbtcuser\AppData\Local\Temp\playwright-java-16258477294945422662\package\lib\cli\driver.js:52:57)
    at Immediate._onImmediate (C:\Users\fbtcuser\AppData\Local\Temp\playwright-java-16258477294945422662\package\lib\protocol\transport.js:77:34)
    at process.processImmediate (node:internal/timers:476:21)
}" type="com.microsoft.playwright.PlaywrightException">
      <![CDATA[com.microsoft.playwright.PlaywrightException: Error {
  message='value: expected string, got undefined
  name='Error
  stack='Error: value: expected string, got undefined
    at tString (C:\Users\fbtcuser\AppData\Local\Temp\playwright-java-16258477294945422662\package\lib\protocol\validatorPrimitives.js:59:9)
    at C:\Users\fbtcuser\AppData\Local\Temp\playwright-java-16258477294945422662\package\lib\protocol\validatorPrimitives.js:108:21
    at DispatcherConnection.dispatch (C:\Users\fbtcuser\AppData\Local\Temp\playwright-java-16258477294945422662\package\lib\server\dispatchers\dispatcher.js:234:21)
    at transport.onmessage (C:\Users\fbtcuser\AppData\Local\Temp\playwright-java-16258477294945422662\package\lib\cli\driver.js:52:57)
    at Immediate._onImmediate (C:\Users\fbtcuser\AppData\Local\Temp\playwright-java-16258477294945422662\package\lib\protocol\transport.js:77:34)
    at process.processImmediate (node:internal/timers:476:21)
}
at com.microsoft.playwright.impl.WaitableResult.get(WaitableResult.java:54)
at com.microsoft.playwright.impl.ChannelOwner.runUntil(ChannelOwner.java:111)
at com.microsoft.playwright.impl.Connection.sendMessage(Connection.java:126)
at com.microsoft.playwright.impl.ChannelOwner.sendMessage(ChannelOwner.java:102)
at com.microsoft.playwright.impl.FrameImpl.fillImpl(FrameImpl.java:335)
at com.microsoft.playwright.impl.PageImpl.lambda$fill$27(PageImpl.java:665)
at com.microsoft.playwright.impl.LoggingSupport.lambda$withLogging$0(LoggingSupport.java:36)
at com.microsoft.playwright.impl.LoggingSupport.withLogging(LoggingSupport.java:47)
at com.microsoft.playwright.impl.ChannelOwner.withLogging(ChannelOwner.java:87)
at com.microsoft.playwright.impl.LoggingSupport.withLogging(LoggingSupport.java:35)
at com.microsoft.playwright.impl.PageImpl.fill(PageImpl.java:664)
at com.microsoft.playwright.Page.fill(Page.java:4545)
at pages.Submit_To_Workflow_Popup.submit_To_Workflow(Submit_To_Workflow_Popup.java:31)
at functional_Test_Cases.AWC005_Submit_To_Workflow.EVT3_Release(AWC005_Submit_To_Workflow.java:282)
at java.base/jdk.internal.reflect.NativeMethodAccessorImpl.invoke0(Native Method)
at java.base/jdk.internal.reflect.NativeMethodAccessorImpl.invoke(NativeMethodAccessorImpl.java:77)
at java.base/jdk.internal.reflect.DelegatingMethodAccessorImpl.invoke(DelegatingMethodAccessorImpl.java:43)
at java.base/java.lang.reflect.Method.invoke(Method.java:568)
at org.testng.internal.MethodInvocationHelper.invokeMethod(MethodInvocationHelper.java:133)
at org.testng.internal.TestInvoker.invokeMethod(TestInvoker.java:598)
at org.testng.internal.TestInvoker.invokeTestMethod(TestInvoker.java:173)
at org.testng.internal.MethodRunner.runInSequence(MethodRunner.java:46)
at org.testng.internal.TestInvoker$MethodInvocationAgent.invoke(TestInvoker.java:824)
at org.testng.internal.TestInvoker.invokeTestMethods(TestInvoker.java:146)
at org.testng.internal.TestMethodWorker.invokeTestMethods(TestMethodWorker.java:146)
at org.testng.internal.TestMethodWorker.run(TestMethodWorker.java:128)
at java.base/java.util.ArrayList.forEach(ArrayList.java:1511)
at org.testng.TestRunner.privateRun(TestRunner.java:794)
at org.testng.TestRunner.run(TestRunner.java:596)
at org.testng.SuiteRunner.runTest(SuiteRunner.java:377)
at org.testng.SuiteRunner.runSequentially(SuiteRunner.java:371)
at org.testng.SuiteRunner.privateRun(SuiteRunner.java:332)
at org.testng.SuiteRunner.run(SuiteRunner.java:276)
at org.testng.SuiteRunnerWorker.runSuite(SuiteRunnerWorker.java:53)
at org.testng.SuiteRunnerWorker.run(SuiteRunnerWorker.java:96)
at org.testng.TestNG.runSuitesSequentially(TestNG.java:1212)
at org.testng.TestNG.runSuitesLocally(TestNG.java:1134)
at org.testng.TestNG.runSuites(TestNG.java:1063)
at org.testng.TestNG.run(TestNG.java:1031)
at org.testng.remote.AbstractRemoteTestNG.run(AbstractRemoteTestNG.java:115)
at org.testng.remote.RemoteTestNG.initAndRun(RemoteTestNG.java:251)
at org.testng.remote.RemoteTestNG.main(RemoteTestNG.java:77)
Caused by: com.microsoft.playwright.impl.DriverException: Error {
  message='value: expected string, got undefined
  name='Error
  stack='Error: value: expected string, got undefined
    at tString (C:\Users\fbtcuser\AppData\Local\Temp\playwright-java-16258477294945422662\package\lib\protocol\validatorPrimitives.js:59:9)
    at C:\Users\fbtcuser\AppData\Local\Temp\playwright-java-16258477294945422662\package\lib\protocol\validatorPrimitives.js:108:21
    at DispatcherConnection.dispatch (C:\Users\fbtcuser\AppData\Local\Temp\playwright-java-16258477294945422662\package\lib\server\dispatchers\dispatcher.js:234:21)
    at transport.onmessage (C:\Users\fbtcuser\AppData\Local\Temp\playwright-java-16258477294945422662\package\lib\cli\driver.js:52:57)
    at Immediate._onImmediate (C:\Users\fbtcuser\AppData\Local\Temp\playwright-java-16258477294945422662\package\lib\protocol\transport.js:77:34)
    at process.processImmediate (node:internal/timers:476:21)
}
at com.microsoft.playwright.impl.Connection.dispatch(Connection.java:226)
at com.microsoft.playwright.impl.Connection.processOneMessage(Connection.java:206)
at com.microsoft.playwright.impl.ChannelOwner.runUntil(ChannelOwner.java:109)
... 40 more
]]>
    </error>
  </testcase> <!-- EVT3_Release -->
  <system-out/>
  <testcase classname="functional_Test_Cases.AWC005_Submit_To_Workflow" name="DVT1_Release" time="32.975"/>
  <system-out/>
  <testcase classname="functional_Test_Cases.AWC005_Submit_To_Workflow" name="DVT2_Release" time="28.987"/>
  <system-out/>
  <testcase classname="functional_Test_Cases.AWC005_Submit_To_Workflow" name="DVT3_Release" time="29.909">
    <error message="Error {
  message=&#039;value: expected string, got undefined
  name=&#039;Error
  stack=&#039;Error: value: expected string, got undefined
    at tString (C:\Users\fbtcuser\AppData\Local\Temp\playwright-java-16258477294945422662\package\lib\protocol\validatorPrimitives.js:59:9)
    at C:\Users\fbtcuser\AppData\Local\Temp\playwright-java-16258477294945422662\package\lib\protocol\validatorPrimitives.js:108:21
    at DispatcherConnection.dispatch (C:\Users\fbtcuser\AppData\Local\Temp\playwright-java-16258477294945422662\package\lib\server\dispatchers\dispatcher.js:234:21)
    at transport.onmessage (C:\Users\fbtcuser\AppData\Local\Temp\playwright-java-16258477294945422662\package\lib\cli\driver.js:52:57)
    at Immediate._onImmediate (C:\Users\fbtcuser\AppData\Local\Temp\playwright-java-16258477294945422662\package\lib\protocol\transport.js:77:34)
    at process.processImmediate (node:internal/timers:476:21)
}" type="com.microsoft.playwright.PlaywrightException">
      <![CDATA[com.microsoft.playwright.PlaywrightException: Error {
  message='value: expected string, got undefined
  name='Error
  stack='Error: value: expected string, got undefined
    at tString (C:\Users\fbtcuser\AppData\Local\Temp\playwright-java-16258477294945422662\package\lib\protocol\validatorPrimitives.js:59:9)
    at C:\Users\fbtcuser\AppData\Local\Temp\playwright-java-16258477294945422662\package\lib\protocol\validatorPrimitives.js:108:21
    at DispatcherConnection.dispatch (C:\Users\fbtcuser\AppData\Local\Temp\playwright-java-16258477294945422662\package\lib\server\dispatchers\dispatcher.js:234:21)
    at transport.onmessage (C:\Users\fbtcuser\AppData\Local\Temp\playwright-java-16258477294945422662\package\lib\cli\driver.js:52:57)
    at Immediate._onImmediate (C:\Users\fbtcuser\AppData\Local\Temp\playwright-java-16258477294945422662\package\lib\protocol\transport.js:77:34)
    at process.processImmediate (node:internal/timers:476:21)
}
at com.microsoft.playwright.impl.WaitableResult.get(WaitableResult.java:54)
at com.microsoft.playwright.impl.ChannelOwner.runUntil(ChannelOwner.java:111)
at com.microsoft.playwright.impl.Connection.sendMessage(Connection.java:126)
at com.microsoft.playwright.impl.ChannelOwner.sendMessage(ChannelOwner.java:102)
at com.microsoft.playwright.impl.FrameImpl.fillImpl(FrameImpl.java:335)
at com.microsoft.playwright.impl.PageImpl.lambda$fill$27(PageImpl.java:665)
at com.microsoft.playwright.impl.LoggingSupport.lambda$withLogging$0(LoggingSupport.java:36)
at com.microsoft.playwright.impl.LoggingSupport.withLogging(LoggingSupport.java:47)
at com.microsoft.playwright.impl.ChannelOwner.withLogging(ChannelOwner.java:87)
at com.microsoft.playwright.impl.LoggingSupport.withLogging(LoggingSupport.java:35)
at com.microsoft.playwright.impl.PageImpl.fill(PageImpl.java:664)
at com.microsoft.playwright.Page.fill(Page.java:4545)
at pages.Submit_To_Workflow_Popup.submit_To_Workflow(Submit_To_Workflow_Popup.java:31)
at functional_Test_Cases.AWC005_Submit_To_Workflow.DVT3_Release(AWC005_Submit_To_Workflow.java:399)
at java.base/jdk.internal.reflect.NativeMethodAccessorImpl.invoke0(Native Method)
at java.base/jdk.internal.reflect.NativeMethodAccessorImpl.invoke(NativeMethodAccessorImpl.java:77)
at java.base/jdk.internal.reflect.DelegatingMethodAccessorImpl.invoke(DelegatingMethodAccessorImpl.java:43)
at java.base/java.lang.reflect.Method.invoke(Method.java:568)
at org.testng.internal.MethodInvocationHelper.invokeMethod(MethodInvocationHelper.java:133)
at org.testng.internal.TestInvoker.invokeMethod(TestInvoker.java:598)
at org.testng.internal.TestInvoker.invokeTestMethod(TestInvoker.java:173)
at org.testng.internal.MethodRunner.runInSequence(MethodRunner.java:46)
at org.testng.internal.TestInvoker$MethodInvocationAgent.invoke(TestInvoker.java:824)
at org.testng.internal.TestInvoker.invokeTestMethods(TestInvoker.java:146)
at org.testng.internal.TestMethodWorker.invokeTestMethods(TestMethodWorker.java:146)
at org.testng.internal.TestMethodWorker.run(TestMethodWorker.java:128)
at java.base/java.util.ArrayList.forEach(ArrayList.java:1511)
at org.testng.TestRunner.privateRun(TestRunner.java:794)
at org.testng.TestRunner.run(TestRunner.java:596)
at org.testng.SuiteRunner.runTest(SuiteRunner.java:377)
at org.testng.SuiteRunner.runSequentially(SuiteRunner.java:371)
at org.testng.SuiteRunner.privateRun(SuiteRunner.java:332)
at org.testng.SuiteRunner.run(SuiteRunner.java:276)
at org.testng.SuiteRunnerWorker.runSuite(SuiteRunnerWorker.java:53)
at org.testng.SuiteRunnerWorker.run(SuiteRunnerWorker.java:96)
at org.testng.TestNG.runSuitesSequentially(TestNG.java:1212)
at org.testng.TestNG.runSuitesLocally(TestNG.java:1134)
at org.testng.TestNG.runSuites(TestNG.java:1063)
at org.testng.TestNG.run(TestNG.java:1031)
at org.testng.remote.AbstractRemoteTestNG.run(AbstractRemoteTestNG.java:115)
at org.testng.remote.RemoteTestNG.initAndRun(RemoteTestNG.java:251)
at org.testng.remote.RemoteTestNG.main(RemoteTestNG.java:77)
Caused by: com.microsoft.playwright.impl.DriverException: Error {
  message='value: expected string, got undefined
  name='Error
  stack='Error: value: expected string, got undefined
    at tString (C:\Users\fbtcuser\AppData\Local\Temp\playwright-java-16258477294945422662\package\lib\protocol\validatorPrimitives.js:59:9)
    at C:\Users\fbtcuser\AppData\Local\Temp\playwright-java-16258477294945422662\package\lib\protocol\validatorPrimitives.js:108:21
    at DispatcherConnection.dispatch (C:\Users\fbtcuser\AppData\Local\Temp\playwright-java-16258477294945422662\package\lib\server\dispatchers\dispatcher.js:234:21)
    at transport.onmessage (C:\Users\fbtcuser\AppData\Local\Temp\playwright-java-16258477294945422662\package\lib\cli\driver.js:52:57)
    at Immediate._onImmediate (C:\Users\fbtcuser\AppData\Local\Temp\playwright-java-16258477294945422662\package\lib\protocol\transport.js:77:34)
    at process.processImmediate (node:internal/timers:476:21)
}
at com.microsoft.playwright.impl.Connection.dispatch(Connection.java:226)
at com.microsoft.playwright.impl.Connection.processOneMessage(Connection.java:206)
at com.microsoft.playwright.impl.ChannelOwner.runUntil(ChannelOwner.java:109)
... 40 more
]]>
    </error>
  </testcase> <!-- DVT3_Release -->
  <system-out/>
  <testcase classname="functional_Test_Cases.AWC005_Submit_To_Workflow" name="PVT1_Release" time="29.353"/>
  <system-out/>
  <testcase classname="functional_Test_Cases.AWC005_Submit_To_Workflow" name="PVT2_Release" time="29.325">
    <error message="Error {
  message=&#039;value: expected string, got undefined
  name=&#039;Error
  stack=&#039;Error: value: expected string, got undefined
    at tString (C:\Users\fbtcuser\AppData\Local\Temp\playwright-java-16258477294945422662\package\lib\protocol\validatorPrimitives.js:59:9)
    at C:\Users\fbtcuser\AppData\Local\Temp\playwright-java-16258477294945422662\package\lib\protocol\validatorPrimitives.js:108:21
    at DispatcherConnection.dispatch (C:\Users\fbtcuser\AppData\Local\Temp\playwright-java-16258477294945422662\package\lib\server\dispatchers\dispatcher.js:234:21)
    at transport.onmessage (C:\Users\fbtcuser\AppData\Local\Temp\playwright-java-16258477294945422662\package\lib\cli\driver.js:52:57)
    at Immediate._onImmediate (C:\Users\fbtcuser\AppData\Local\Temp\playwright-java-16258477294945422662\package\lib\protocol\transport.js:77:34)
    at process.processImmediate (node:internal/timers:476:21)
}" type="com.microsoft.playwright.PlaywrightException">
      <![CDATA[com.microsoft.playwright.PlaywrightException: Error {
  message='value: expected string, got undefined
  name='Error
  stack='Error: value: expected string, got undefined
    at tString (C:\Users\fbtcuser\AppData\Local\Temp\playwright-java-16258477294945422662\package\lib\protocol\validatorPrimitives.js:59:9)
    at C:\Users\fbtcuser\AppData\Local\Temp\playwright-java-16258477294945422662\package\lib\protocol\validatorPrimitives.js:108:21
    at DispatcherConnection.dispatch (C:\Users\fbtcuser\AppData\Local\Temp\playwright-java-16258477294945422662\package\lib\server\dispatchers\dispatcher.js:234:21)
    at transport.onmessage (C:\Users\fbtcuser\AppData\Local\Temp\playwright-java-16258477294945422662\package\lib\cli\driver.js:52:57)
    at Immediate._onImmediate (C:\Users\fbtcuser\AppData\Local\Temp\playwright-java-16258477294945422662\package\lib\protocol\transport.js:77:34)
    at process.processImmediate (node:internal/timers:476:21)
}
at com.microsoft.playwright.impl.WaitableResult.get(WaitableResult.java:54)
at com.microsoft.playwright.impl.ChannelOwner.runUntil(ChannelOwner.java:111)
at com.microsoft.playwright.impl.Connection.sendMessage(Connection.java:126)
at com.microsoft.playwright.impl.ChannelOwner.sendMessage(ChannelOwner.java:102)
at com.microsoft.playwright.impl.FrameImpl.fillImpl(FrameImpl.java:335)
at com.microsoft.playwright.impl.PageImpl.lambda$fill$27(PageImpl.java:665)
at com.microsoft.playwright.impl.LoggingSupport.lambda$withLogging$0(LoggingSupport.java:36)
at com.microsoft.playwright.impl.LoggingSupport.withLogging(LoggingSupport.java:47)
at com.microsoft.playwright.impl.ChannelOwner.withLogging(ChannelOwner.java:87)
at com.microsoft.playwright.impl.LoggingSupport.withLogging(LoggingSupport.java:35)
at com.microsoft.playwright.impl.PageImpl.fill(PageImpl.java:664)
at com.microsoft.playwright.Page.fill(Page.java:4545)
at pages.Submit_To_Workflow_Popup.submit_To_Workflow(Submit_To_Workflow_Popup.java:31)
at functional_Test_Cases.AWC005_Submit_To_Workflow.PVT2_Release(AWC005_Submit_To_Workflow.java:477)
at java.base/jdk.internal.reflect.NativeMethodAccessorImpl.invoke0(Native Method)
at java.base/jdk.internal.reflect.NativeMethodAccessorImpl.invoke(NativeMethodAccessorImpl.java:77)
at java.base/jdk.internal.reflect.DelegatingMethodAccessorImpl.invoke(DelegatingMethodAccessorImpl.java:43)
at java.base/java.lang.reflect.Method.invoke(Method.java:568)
at org.testng.internal.MethodInvocationHelper.invokeMethod(MethodInvocationHelper.java:133)
at org.testng.internal.TestInvoker.invokeMethod(TestInvoker.java:598)
at org.testng.internal.TestInvoker.invokeTestMethod(TestInvoker.java:173)
at org.testng.internal.MethodRunner.runInSequence(MethodRunner.java:46)
at org.testng.internal.TestInvoker$MethodInvocationAgent.invoke(TestInvoker.java:824)
at org.testng.internal.TestInvoker.invokeTestMethods(TestInvoker.java:146)
at org.testng.internal.TestMethodWorker.invokeTestMethods(TestMethodWorker.java:146)
at org.testng.internal.TestMethodWorker.run(TestMethodWorker.java:128)
at java.base/java.util.ArrayList.forEach(ArrayList.java:1511)
at org.testng.TestRunner.privateRun(TestRunner.java:794)
at org.testng.TestRunner.run(TestRunner.java:596)
at org.testng.SuiteRunner.runTest(SuiteRunner.java:377)
at org.testng.SuiteRunner.runSequentially(SuiteRunner.java:371)
at org.testng.SuiteRunner.privateRun(SuiteRunner.java:332)
at org.testng.SuiteRunner.run(SuiteRunner.java:276)
at org.testng.SuiteRunnerWorker.runSuite(SuiteRunnerWorker.java:53)
at org.testng.SuiteRunnerWorker.run(SuiteRunnerWorker.java:96)
at org.testng.TestNG.runSuitesSequentially(TestNG.java:1212)
at org.testng.TestNG.runSuitesLocally(TestNG.java:1134)
at org.testng.TestNG.runSuites(TestNG.java:1063)
at org.testng.TestNG.run(TestNG.java:1031)
at org.testng.remote.AbstractRemoteTestNG.run(AbstractRemoteTestNG.java:115)
at org.testng.remote.RemoteTestNG.initAndRun(RemoteTestNG.java:251)
at org.testng.remote.RemoteTestNG.main(RemoteTestNG.java:77)
Caused by: com.microsoft.playwright.impl.DriverException: Error {
  message='value: expected string, got undefined
  name='Error
  stack='Error: value: expected string, got undefined
    at tString (C:\Users\fbtcuser\AppData\Local\Temp\playwright-java-16258477294945422662\package\lib\protocol\validatorPrimitives.js:59:9)
    at C:\Users\fbtcuser\AppData\Local\Temp\playwright-java-16258477294945422662\package\lib\protocol\validatorPrimitives.js:108:21
    at DispatcherConnection.dispatch (C:\Users\fbtcuser\AppData\Local\Temp\playwright-java-16258477294945422662\package\lib\server\dispatchers\dispatcher.js:234:21)
    at transport.onmessage (C:\Users\fbtcuser\AppData\Local\Temp\playwright-java-16258477294945422662\package\lib\cli\driver.js:52:57)
    at Immediate._onImmediate (C:\Users\fbtcuser\AppData\Local\Temp\playwright-java-16258477294945422662\package\lib\protocol\transport.js:77:34)
    at process.processImmediate (node:internal/timers:476:21)
}
at com.microsoft.playwright.impl.Connection.dispatch(Connection.java:226)
at com.microsoft.playwright.impl.Connection.processOneMessage(Connection.java:206)
at com.microsoft.playwright.impl.ChannelOwner.runUntil(ChannelOwner.java:109)
... 40 more
]]>
    </error>
  </testcase> <!-- PVT2_Release -->
  <system-out/>
</testsuite> <!-- functional_Test_Cases.AWC005_Submit_To_Workflow -->
