<?xml version="1.0" encoding="UTF-8"?>
<!-- Generated by org.testng.reporters.JUnitReportReporter -->
<testsuite hostname="FBTCDEV3" failures="0" tests="14" name="functional_Test_Cases.AWC001_Restricting_WIP_status" time="697.384" errors="1" timestamp="2023-11-16T04:50:11 UTC" skipped="2">
  <testcase classname="functional_Test_Cases.AWC001_Restricting_WIP_status" name="setup" time="7.954">
    <error message="Error {
  message=&#039;Navigation failed because page was closed!
=========================== logs ===========================
navigating to &quot;http://localhost:3000/&quot;, waiting until &quot;load&quot;
============================================================
  name=&#039;Error
  stack=&#039;Error: Navigation failed because page was closed!
=========================== logs ===========================
navigating to &quot;http://localhost:3000/&quot;, waiting until &quot;load&quot;
============================================================
    at C:\Users\fbtcuser\AppData\Local\Temp\playwright-java-11583376700005549352\package\lib\server\frames.js:495:13
}" type="com.microsoft.playwright.PlaywrightException">
      <![CDATA[com.microsoft.playwright.PlaywrightException: Error {
  message='Navigation failed because page was closed!
=========================== logs ===========================
navigating to "http://localhost:3000/", waiting until "load"
============================================================
  name='Error
  stack='Error: Navigation failed because page was closed!
=========================== logs ===========================
navigating to "http://localhost:3000/", waiting until "load"
============================================================
    at C:\Users\fbtcuser\AppData\Local\Temp\playwright-java-11583376700005549352\package\lib\server\frames.js:495:13
}
at com.microsoft.playwright.impl.WaitableResult.get(WaitableResult.java:54)
at com.microsoft.playwright.impl.ChannelOwner.runUntil(ChannelOwner.java:111)
at com.microsoft.playwright.impl.Connection.sendMessage(Connection.java:126)
at com.microsoft.playwright.impl.ChannelOwner.sendMessage(ChannelOwner.java:102)
at com.microsoft.playwright.impl.FrameImpl.navigateImpl(FrameImpl.java:463)
at com.microsoft.playwright.impl.PageImpl.lambda$navigate$45(PageImpl.java:836)
at com.microsoft.playwright.impl.LoggingSupport.withLogging(LoggingSupport.java:47)
at com.microsoft.playwright.impl.ChannelOwner.withLogging(ChannelOwner.java:87)
at com.microsoft.playwright.impl.PageImpl.navigate(PageImpl.java:836)
at com.microsoft.playwright.impl.PageImpl.navigate(PageImpl.java:42)
at com.microsoft.playwright.Page.navigate(Page.java:5282)
at factory.PlaywrightFactory.initBrowser(PlaywrightFactory.java:73)
at base.BaseTest.setup(BaseTest.java:48)
at java.base/jdk.internal.reflect.NativeMethodAccessorImpl.invoke0(Native Method)
at java.base/jdk.internal.reflect.NativeMethodAccessorImpl.invoke(NativeMethodAccessorImpl.java:77)
at java.base/jdk.internal.reflect.DelegatingMethodAccessorImpl.invoke(DelegatingMethodAccessorImpl.java:43)
at java.base/java.lang.reflect.Method.invoke(Method.java:568)
at org.testng.internal.MethodInvocationHelper.invokeMethod(MethodInvocationHelper.java:133)
at org.testng.internal.MethodInvocationHelper.invokeMethodConsideringTimeout(MethodInvocationHelper.java:62)
at org.testng.internal.ConfigInvoker.invokeConfigurationMethod(ConfigInvoker.java:385)
at org.testng.internal.ConfigInvoker.invokeConfigurations(ConfigInvoker.java:321)
at org.testng.internal.TestInvoker.runConfigMethods(TestInvoker.java:700)
at org.testng.internal.TestInvoker.invokeMethod(TestInvoker.java:527)
at org.testng.internal.TestInvoker.invokeTestMethod(TestInvoker.java:173)
at org.testng.internal.MethodRunner.runInSequence(MethodRunner.java:46)
at org.testng.internal.TestInvoker$MethodInvocationAgent.invoke(TestInvoker.java:824)
at org.testng.internal.TestInvoker.invokeTestMethods(TestInvoker.java:146)
at org.testng.internal.TestMethodWorker.invokeTestMethods(TestMethodWorker.java:146)
at org.testng.internal.TestMethodWorker.run(TestMethodWorker.java:128)
at java.base/java.util.ArrayList.forEach(ArrayList.java:1511)
at org.testng.TestRunner.privateRun(TestRunner.java:794)
at org.testng.TestRunner.run(TestRunner.java:596)
at org.testng.SuiteRunner.runTest(SuiteRunner.java:377)
at org.testng.SuiteRunner.runSequentially(SuiteRunner.java:371)
at org.testng.SuiteRunner.privateRun(SuiteRunner.java:332)
at org.testng.SuiteRunner.run(SuiteRunner.java:276)
at org.testng.SuiteRunnerWorker.runSuite(SuiteRunnerWorker.java:53)
at org.testng.SuiteRunnerWorker.run(SuiteRunnerWorker.java:96)
at org.testng.TestNG.runSuitesSequentially(TestNG.java:1212)
at org.testng.TestNG.runSuitesLocally(TestNG.java:1134)
at org.testng.TestNG.runSuites(TestNG.java:1063)
at org.testng.TestNG.run(TestNG.java:1031)
at org.testng.remote.AbstractRemoteTestNG.run(AbstractRemoteTestNG.java:115)
at org.testng.remote.RemoteTestNG.initAndRun(RemoteTestNG.java:251)
at org.testng.remote.RemoteTestNG.main(RemoteTestNG.java:77)
Caused by: com.microsoft.playwright.impl.DriverException: Error {
  message='Navigation failed because page was closed!
=========================== logs ===========================
navigating to "http://localhost:3000/", waiting until "load"
============================================================
  name='Error
  stack='Error: Navigation failed because page was closed!
=========================== logs ===========================
navigating to "http://localhost:3000/", waiting until "load"
============================================================
    at C:\Users\fbtcuser\AppData\Local\Temp\playwright-java-11583376700005549352\package\lib\server\frames.js:495:13
}
at com.microsoft.playwright.impl.Connection.dispatch(Connection.java:226)
at com.microsoft.playwright.impl.Connection.processOneMessage(Connection.java:206)
at com.microsoft.playwright.impl.ChannelOwner.runUntil(ChannelOwner.java:109)
... 43 more
]]>
    </error>
  </testcase> <!-- setup -->
  <system-out/>
  <testcase classname="functional_Test_Cases.AWC001_Restricting_WIP_status" name="restict_GeneralWIP" time="62.873"/>
  <system-out/>
  <testcase classname="functional_Test_Cases.AWC001_Restricting_WIP_status" name="restrict_P0WIP" time="64.532"/>
  <system-out/>
  <testcase classname="functional_Test_Cases.AWC001_Restricting_WIP_status" name="restrict_P1WIP" time="51.190"/>
  <system-out/>
  <testcase classname="functional_Test_Cases.AWC001_Restricting_WIP_status" name="restrict_P2WIP" time="82.666"/>
  <system-out/>
  <testcase classname="functional_Test_Cases.AWC001_Restricting_WIP_status" name="restrict_P3WIP" time="54.406"/>
  <system-out/>
  <testcase classname="functional_Test_Cases.AWC001_Restricting_WIP_status" name="restrict_EVT1WIP" time="64.127"/>
  <system-out/>
  <testcase classname="functional_Test_Cases.AWC001_Restricting_WIP_status" name="restrict_EVT2WIP" time="57.218"/>
  <system-out/>
  <testcase classname="functional_Test_Cases.AWC001_Restricting_WIP_status" name="restrict_EVT3WIP" time="77.877"/>
  <system-out/>
  <testcase classname="functional_Test_Cases.AWC001_Restricting_WIP_status" name="restrict_DVT1WIP" time="66.929"/>
  <system-out/>
  <testcase classname="functional_Test_Cases.AWC001_Restricting_WIP_status" name="restrict_DVT2WIP" time="55.017"/>
  <system-out/>
  <testcase classname="functional_Test_Cases.AWC001_Restricting_WIP_status" name="restrict_DVT3WIP" time="52.595"/>
  <system-out/>
  <testcase classname="functional_Test_Cases.AWC001_Restricting_WIP_status" name="restrict_PVT1WIP" time="0.000">
    <skipped/>
  </testcase> <!-- restrict_PVT1WIP -->
  <system-out/>
  <testcase classname="functional_Test_Cases.AWC001_Restricting_WIP_status" name="restrict_PVT2WIP" time="0.000">
    <skipped/>
  </testcase> <!-- restrict_PVT2WIP -->
  <system-out/>
</testsuite> <!-- functional_Test_Cases.AWC001_Restricting_WIP_status -->
